<?xml version="1.0" encoding="UTF-8"?>
<testng-results ignored="0" total="1" passed="1" failed="0" skipped="0">
  <reporter-output>
  </reporter-output>
  <suite started-at="2024-09-28T12:52:14 IST" name="Suite" finished-at="2024-09-28T12:53:59 IST" duration-ms="105529">
    <groups>
    </groups>
    <test started-at="2024-09-28T12:52:14 IST" name="Test" finished-at="2024-09-28T12:53:59 IST" duration-ms="105529">
      <class name="com.jbpm.tests.LoginTest">
        <test-method is-config="true" signature="setUp()[pri:0, instance:com.jbpm.tests.LoginTest@4b741d6d]" started-at="2024-09-28T12:52:14 IST" name="setUp" finished-at="2024-09-28T12:52:18 IST" duration-ms="4036" status="PASS">
          <reporter-output>
          </reporter-output>
        </test-method> <!-- setUp -->
        <test-method signature="testLogin(java.lang.String,java.lang.String)[pri:0, instance:com.jbpm.tests.LoginTest@4b741d6d]" started-at="2024-09-28T12:52:21 IST" name="testLogin" data-provider="loginData" finished-at="2024-09-28T12:53:59 IST" duration-ms="98614" status="PASS">
          <params>
            <param index="0">
              <value>
                <![CDATA[wbadmin]]>
              </value>
            </param>
            <param index="1">
              <value>
                <![CDATA[wbadmin]]>
              </value>
            </param>
          </params>
          <reporter-output>
          </reporter-output>
        </test-method> <!-- testLogin -->
        <test-method is-config="true" signature="tearDown()[pri:0, instance:com.jbpm.tests.LoginTest@4b741d6d]" started-at="2024-09-28T12:53:59 IST" name="tearDown" finished-at="2024-09-28T12:53:59 IST" duration-ms="0" status="PASS">
          <reporter-output>
          </reporter-output>
        </test-method> <!-- tearDown -->
      </class> <!-- com.jbpm.tests.LoginTest -->
    </test> <!-- Test -->
  </suite> <!-- Suite -->
</testng-results>
